{
  message: 'DB will be located at mongodb://127.0.0.1:63855/?replicaSet=testset',
  level: 'info',
  timestamp: '2023-08-04T10:52:52.445Z'
}
{
  message: 'memoryDB activated',
  level: 'info',
  timestamp: '2023-08-04T10:52:52.481Z'
}
{
  message: 'returning users instance model',
  level: 'info',
  timestamp: '2023-08-04T10:53:01.710Z'
}
{
  message: 'DB will be located at mongodb://127.0.0.1:63980/?replicaSet=testset',
  level: 'info',
  timestamp: '2023-08-04T10:56:54.857Z'
}
{
  message: 'memoryDB activated',
  level: 'info',
  timestamp: '2023-08-04T10:56:54.889Z'
}
{
  message: 'returning users instance model',
  level: 'info',
  timestamp: '2023-08-04T10:56:55.557Z'
}
{
  message: 'DB will be located at mongodb://127.0.0.1:65430/?replicaSet=testset',
  level: 'info',
  timestamp: '2023-08-04T13:21:17.217Z'
}
{
  message: 'memoryDB activated',
  level: 'info',
  timestamp: '2023-08-04T13:21:17.257Z'
}
{
  message: 'returning users instance model',
  level: 'info',
  timestamp: '2023-08-04T13:21:18.016Z'
}
{
  message: 'DB will be located at mongodb://127.0.0.1:65448/?replicaSet=testset',
  level: 'info',
  timestamp: '2023-08-04T13:21:32.220Z'
}
{
  message: 'memoryDB activated',
  level: 'info',
  timestamp: '2023-08-04T13:21:32.247Z'
}
{
  message: 'returning users instance model',
  level: 'info',
  timestamp: '2023-08-04T13:21:32.899Z'
}
{
  message: 'DB will be located at mongodb://127.0.0.1:49159/?replicaSet=testset',
  level: 'info',
  timestamp: '2023-08-04T13:24:32.103Z'
}
{
  message: 'memoryDB activated',
  level: 'info',
  timestamp: '2023-08-04T13:24:32.121Z'
}
{
  message: 'returning users instance model',
  level: 'info',
  timestamp: '2023-08-04T13:24:32.765Z'
}
{
  message: 'DB will be located at mongodb://127.0.0.1:49179/?replicaSet=testset',
  level: 'info',
  timestamp: '2023-08-04T13:24:47.926Z'
}
{
  message: 'memoryDB activated',
  level: 'info',
  timestamp: '2023-08-04T13:24:47.957Z'
}
{
  message: 'returning users instance model',
  level: 'info',
  timestamp: '2023-08-04T13:24:48.622Z'
}
{
  message: 'DB will be located at mongodb://127.0.0.1:49213/?replicaSet=testset',
  level: 'info',
  timestamp: '2023-08-04T13:25:39.578Z'
}
{
  message: 'memoryDB activated',
  level: 'info',
  timestamp: '2023-08-04T13:25:39.607Z'
}
{
  message: 'returning users instance model',
  level: 'info',
  timestamp: '2023-08-04T13:25:40.191Z'
}
{
  message: 'DB will be located at mongodb://127.0.0.1:49267/?replicaSet=testset',
  level: 'info',
  timestamp: '2023-08-04T13:28:22.517Z'
}
{
  message: 'memoryDB activated',
  level: 'info',
  timestamp: '2023-08-04T13:28:22.547Z'
}
{
  message: 'returning users instance model',
  level: 'info',
  timestamp: '2023-08-04T13:28:23.155Z'
}
{
  message: 'DB will be located at mongodb://127.0.0.1:49380/?replicaSet=testset',
  level: 'info',
  timestamp: '2023-08-04T13:31:15.246Z'
}
{
  message: 'memoryDB activated',
  level: 'info',
  timestamp: '2023-08-04T13:31:15.275Z'
}
{
  message: 'returning users instance model',
  level: 'info',
  timestamp: '2023-08-04T13:31:15.886Z'
}
{
  message: 'DB will be located at mongodb://127.0.0.1:49452/?replicaSet=testset',
  level: 'info',
  timestamp: '2023-08-04T13:33:00.544Z'
}
{
  message: 'memoryDB activated',
  level: 'info',
  timestamp: '2023-08-04T13:33:00.572Z'
}
{
  message: 'returning users instance model',
  level: 'info',
  timestamp: '2023-08-04T13:33:01.260Z'
}
{
  message: 'DB will be located at mongodb://127.0.0.1:49522/?replicaSet=testset',
  level: 'info',
  timestamp: '2023-08-04T13:35:22.312Z'
}
{
  message: 'memoryDB activated',
  level: 'info',
  timestamp: '2023-08-04T13:35:22.341Z'
}
{
  message: 'returning users instance model',
  level: 'info',
  timestamp: '2023-08-04T13:35:22.961Z'
}
{
  message: 'DB will be located at mongodb://127.0.0.1:49562/?replicaSet=testset',
  level: 'info',
  timestamp: '2023-08-04T13:36:12.391Z'
}
{
  message: 'memoryDB activated',
  level: 'info',
  timestamp: '2023-08-04T13:36:12.421Z'
}
{
  message: 'returning users instance model',
  level: 'info',
  timestamp: '2023-08-04T13:36:13.087Z'
}
{
  message: 'DB will be located at mongodb://127.0.0.1:49577/?replicaSet=testset',
  level: 'info',
  timestamp: '2023-08-04T13:36:26.900Z'
}
{
  message: 'memoryDB activated',
  level: 'info',
  timestamp: '2023-08-04T13:36:26.927Z'
}
{
  message: 'returning users instance model',
  level: 'info',
  timestamp: '2023-08-04T13:36:27.570Z'
}
{
  message: 'DB will be located at mongodb://127.0.0.1:49597/?replicaSet=testset',
  level: 'info',
  timestamp: '2023-08-04T13:36:59.495Z'
}
{
  message: 'memoryDB activated',
  level: 'info',
  timestamp: '2023-08-04T13:36:59.517Z'
}
{
  message: 'returning users instance model',
  level: 'info',
  timestamp: '2023-08-04T13:37:00.182Z'
}
{
  message: 'DB will be located at mongodb://127.0.0.1:49736/?replicaSet=testset',
  level: 'info',
  timestamp: '2023-08-04T13:40:52.111Z'
}
{
  message: 'memoryDB activated',
  level: 'info',
  timestamp: '2023-08-04T13:40:52.142Z'
}
{
  message: 'returning users instance model',
  level: 'info',
  timestamp: '2023-08-04T13:40:52.843Z'
}
{
  message: 'DB will be located at mongodb://127.0.0.1:49754/?replicaSet=testset',
  level: 'info',
  timestamp: '2023-08-04T13:41:04.547Z'
}
{
  message: 'memoryDB activated',
  level: 'info',
  timestamp: '2023-08-04T13:41:04.581Z'
}
{
  message: 'returning users instance model',
  level: 'info',
  timestamp: '2023-08-04T13:41:05.175Z'
}
{
  message: 'DB will be located at mongodb://127.0.0.1:49774/?replicaSet=testset',
  level: 'info',
  timestamp: '2023-08-04T13:41:42.799Z'
}
{
  message: 'memoryDB activated',
  level: 'info',
  timestamp: '2023-08-04T13:41:42.830Z'
}
{
  message: 'DB will be located at mongodb://127.0.0.1:49773/?replicaSet=testset',
  level: 'info',
  timestamp: '2023-08-04T13:41:42.867Z'
}
{
  message: 'memoryDB activated',
  level: 'info',
  timestamp: '2023-08-04T13:41:42.887Z'
}
{
  message: 'returning users instance model',
  level: 'info',
  timestamp: '2023-08-04T13:41:43.978Z'
}
{
  message: 'DB will be located at mongodb://127.0.0.1:49799/?replicaSet=testset',
  level: 'info',
  timestamp: '2023-08-04T13:42:08.018Z'
}
{
  message: 'memoryDB activated',
  level: 'info',
  timestamp: '2023-08-04T13:42:08.048Z'
}
{
  message: 'DB will be located at mongodb://127.0.0.1:49800/?replicaSet=testset',
  level: 'info',
  timestamp: '2023-08-04T13:42:08.474Z'
}
{
  message: 'memoryDB activated',
  level: 'info',
  timestamp: '2023-08-04T13:42:08.502Z'
}
{
  message: 'returning users instance model',
  level: 'info',
  timestamp: '2023-08-04T13:42:09.116Z'
}
{
  message: 'DB will be located at mongodb://127.0.0.1:49929/?replicaSet=testset',
  level: 'info',
  timestamp: '2023-08-04T13:48:59.323Z'
}
{
  message: 'memoryDB activated',
  level: 'info',
  timestamp: '2023-08-04T13:48:59.353Z'
}
{
  message: 'DB will be located at mongodb://127.0.0.1:49930/?replicaSet=testset',
  level: 'info',
  timestamp: '2023-08-04T13:48:59.758Z'
}
{
  message: 'memoryDB activated',
  level: 'info',
  timestamp: '2023-08-04T13:48:59.777Z'
}
{
  message: 'returning users instance model',
  level: 'info',
  timestamp: '2023-08-04T13:49:00.604Z'
}
{
  message: 'DB will be located at mongodb://127.0.0.1:49957/?replicaSet=testset',
  level: 'info',
  timestamp: '2023-08-04T13:49:34.394Z'
}
{
  message: 'DB will be located at mongodb://127.0.0.1:49958/?replicaSet=testset',
  level: 'info',
  timestamp: '2023-08-04T13:49:34.410Z'
}
{
  message: 'memoryDB activated',
  level: 'info',
  timestamp: '2023-08-04T13:49:34.425Z'
}
{
  message: 'memoryDB activated',
  level: 'info',
  timestamp: '2023-08-04T13:49:34.434Z'
}
{
  message: 'returning users instance model',
  level: 'info',
  timestamp: '2023-08-04T13:49:35.546Z'
}
{
  message: 'DB will be located at mongodb://127.0.0.1:49992/?replicaSet=testset',
  level: 'info',
  timestamp: '2023-08-04T13:50:25.416Z'
}
{
  message: 'memoryDB activated',
  level: 'info',
  timestamp: '2023-08-04T13:50:25.447Z'
}
{
  message: 'DB will be located at mongodb://127.0.0.1:49993/?replicaSet=testset',
  level: 'info',
  timestamp: '2023-08-04T13:50:25.557Z'
}
{
  message: 'memoryDB activated',
  level: 'info',
  timestamp: '2023-08-04T13:50:25.581Z'
}
{
  message: 'returning users instance model',
  level: 'info',
  timestamp: '2023-08-04T13:50:26.694Z'
}
{
  message: 'DB will be located at mongodb://127.0.0.1:50029/?replicaSet=testset',
  level: 'info',
  timestamp: '2023-08-04T13:51:47.339Z'
}
{
  message: 'memoryDB activated',
  level: 'info',
  timestamp: '2023-08-04T13:51:47.365Z'
}
{
  message: 'DB will be located at mongodb://127.0.0.1:50030/?replicaSet=testset',
  level: 'info',
  timestamp: '2023-08-04T13:51:47.584Z'
}
{
  message: 'memoryDB activated',
  level: 'info',
  timestamp: '2023-08-04T13:51:47.613Z'
}
{
  message: 'returning users instance model',
  level: 'info',
  timestamp: '2023-08-04T13:51:48.584Z'
}
{
  message: 'DB will be located at mongodb://127.0.0.1:50070/?replicaSet=testset',
  level: 'info',
  timestamp: '2023-08-04T13:53:22.842Z'
}
{
  message: 'memoryDB activated',
  level: 'info',
  timestamp: '2023-08-04T13:53:22.873Z'
}
{
  message: 'DB will be located at mongodb://127.0.0.1:50069/?replicaSet=testset',
  level: 'info',
  timestamp: '2023-08-04T13:53:22.907Z'
}
{
  message: 'memoryDB activated',
  level: 'info',
  timestamp: '2023-08-04T13:53:22.927Z'
}
{
  message: 'returning users instance model',
  level: 'info',
  timestamp: '2023-08-04T13:53:24.187Z'
}
{
  message: 'DB will be located at mongodb://127.0.0.1:50119/?replicaSet=testset',
  level: 'info',
  timestamp: '2023-08-04T13:55:33.276Z'
}
{
  message: 'memoryDB activated',
  level: 'info',
  timestamp: '2023-08-04T13:55:33.307Z'
}
{
  message: 'DB will be located at mongodb://127.0.0.1:50120/?replicaSet=testset',
  level: 'info',
  timestamp: '2023-08-04T13:55:33.541Z'
}
{
  message: 'memoryDB activated',
  level: 'info',
  timestamp: '2023-08-04T13:55:33.569Z'
}
{
  message: 'returning users instance model',
  level: 'info',
  timestamp: '2023-08-04T13:55:34.480Z'
}
